2026-07-15 15:30:16 INFO  [main] com.example.end.Application:54 Starting Application v0.0.1-SNAPSHOT using Java 17 with PID 43540 (C:\Users\鄭昊\Desktop\Web\end\target\end-0.0.1-SNAPSHOT.jar started by 鄭昊 in C:\Users\鄭昊\Desktop\Web\end\target)
2026-07-15 15:30:16 INFO  [main] com.example.end.Application:652 No active profile set, falling back to 1 default profile: "default"
2026-07-15 15:30:18 INFO  [main] o.s.boot.tomcat.TomcatWebServer:114 Tomcat initialized with port 8080 (http)
2026-07-15 15:30:18 INFO  [main] o.a.coyote.http11.Http11NioProtocol:168 Initializing ProtocolHandler ["http-nio-8080"]
2026-07-15 15:30:18 INFO  [main] o.a.catalina.core.StandardService:168 Starting service [Tomcat]
2026-07-15 15:30:18 INFO  [main] o.a.catalina.core.StandardEngine:168 Starting Servlet engine: [Apache Tomcat/11.0.15]
2026-07-15 15:30:18 INFO  [main] o.s.b.w.c.s.WebApplicationContextInitializer:77 Root WebApplicationContext: initialization completed in 1136 ms
2026-07-15 15:30:18 INFO  [main] com.zaxxer.hikari.HikariDataSource:109 HikariPool-1 - Starting...
2026-07-15 15:30:18 INFO  [main] com.zaxxer.hikari.pool.HikariPool:580 HikariPool-1 - Added connection com.mysql.cj.jdbc.ConnectionImpl@597d48ca
2026-07-15 15:30:18 INFO  [main] com.zaxxer.hikari.HikariDataSource:122 HikariPool-1 - Start completed.
2026-07-15 15:30:18 WARN  [main] o.s.b.w.s.s.c.AnnotationConfigServletWebServerApplicationContext:628 Exception encountered during context initialization - cancelling refresh attempt: org.springframework.beans.factory.UnsatisfiedDependencyException: Error creating bean with name 'taskSuggestionAgentController' defined in URL [jar:nested:/C:/Users/鄭昊/Desktop/Web/end/target/end-0.0.1-SNAPSHOT.jar/!BOOT-INF/classes/!/com/example/end/agent/TaskSuggestionAgentController.class]: Unsatisfied dependency expressed through constructor parameter 0: Error creating bean with name 'taskSuggestionAgentService' defined in URL [jar:nested:/C:/Users/鄭昊/Desktop/Web/end/target/end-0.0.1-SNAPSHOT.jar/!BOOT-INF/classes/!/com/example/end/agent/TaskSuggestionAgentService.class]: Unsatisfied dependency expressed through constructor parameter 3: Error creating bean with name 'sysUserImpl' defined in URL [jar:nested:/C:/Users/鄭昊/Desktop/Web/end/target/end-0.0.1-SNAPSHOT.jar/!BOOT-INF/classes/!/com/example/end/service/impl/SysUserImpl.class]: Unsatisfied dependency expressed through constructor parameter 0: Error creating bean with name 'sysUserMapper' defined in URL [jar:nested:/C:/Users/鄭昊/Desktop/Web/end/target/end-0.0.1-SNAPSHOT.jar/!BOOT-INF/classes/!/com/example/end/mapper/SysUserMapper.class]: Cannot resolve reference to bean 'sqlSessionTemplate' while setting bean property 'sqlSessionTemplate'
2026-07-15 15:30:18 INFO  [main] com.zaxxer.hikari.HikariDataSource:349 HikariPool-1 - Shutdown initiated...
2026-07-15 15:30:18 INFO  [main] com.zaxxer.hikari.HikariDataSource:351 HikariPool-1 - Shutdown completed.
2026-07-15 15:30:18 INFO  [main] o.a.catalina.core.StandardService:168 Stopping service [Tomcat]
2026-07-15 15:30:18 INFO  [main] o.s.b.a.l.ConditionEvaluationReportLogger:82 

Error starting ApplicationContext. To display the condition evaluation report re-run your application with 'debug' enabled.
2026-07-15 15:30:18 ERROR [main] o.s.boot.SpringApplication:863 Application run failed
org.springframework.beans.factory.UnsatisfiedDependencyException: Error creating bean with name 'taskSuggestionAgentController' defined in URL [jar:nested:/C:/Users/鄭昊/Desktop/Web/end/target/end-0.0.1-SNAPSHOT.jar/!BOOT-INF/classes/!/com/example/end/agent/TaskSuggestionAgentController.class]: Unsatisfied dependency expressed through constructor parameter 0: Error creating bean with name 'taskSuggestionAgentService' defined in URL [jar:nested:/C:/Users/鄭昊/Desktop/Web/end/target/end-0.0.1-SNAPSHOT.jar/!BOOT-INF/classes/!/com/example/end/agent/TaskSuggestionAgentService.class]: Unsatisfied dependency expressed through constructor parameter 3: Error creating bean with name 'sysUserImpl' defined in URL [jar:nested:/C:/Users/鄭昊/Desktop/Web/end/target/end-0.0.1-SNAPSHOT.jar/!BOOT-INF/classes/!/com/example/end/service/impl/SysUserImpl.class]: Unsatisfied dependency expressed through constructor parameter 0: Error creating bean with name 'sysUserMapper' defined in URL [jar:nested:/C:/Users/鄭昊/Desktop/Web/end/target/end-0.0.1-SNAPSHOT.jar/!BOOT-INF/classes/!/com/example/end/mapper/SysUserMapper.class]: Cannot resolve reference to bean 'sqlSessionTemplate' while setting bean property 'sqlSessionTemplate'
	at org.springframework.beans.factory.support.ConstructorResolver.createArgumentArray(ConstructorResolver.java:804)
	at org.springframework.beans.factory.support.ConstructorResolver.autowireConstructor(ConstructorResolver.java:240)
	at org.springframework.beans.factory.support.AbstractAutowireCapableBeanFactory.autowireConstructor(AbstractAutowireCapableBeanFactory.java:1382)
	at org.springframework.beans.factory.support.AbstractAutowireCapableBeanFactory.createBeanInstance(AbstractAutowireCapableBeanFactory.java:1221)
	at org.springframework.beans.factory.support.AbstractAutowireCapableBeanFactory.doCreateBean(AbstractAutowireCapableBeanFactory.java:565)
	at org.springframework.beans.factory.support.AbstractAutowireCapableBeanFactory.createBean(AbstractAutowireCapableBeanFactory.java:525)
	at org.springframework.beans.factory.support.AbstractBeanFactory.lambda$doGetBean$0(AbstractBeanFactory.java:333)
	at org.springframework.beans.factory.support.DefaultSingletonBeanRegistry.getSingleton(DefaultSingletonBeanRegistry.java:371)
	at org.springframework.beans.factory.support.AbstractBeanFactory.doGetBean(AbstractBeanFactory.java:331)
	at org.springframework.beans.factory.support.AbstractBeanFactory.getBean(AbstractBeanFactory.java:196)
	at org.springframework.beans.factory.support.DefaultListableBeanFactory.instantiateSingleton(DefaultListableBeanFactory.java:1218)
	at org.springframework.beans.factory.support.DefaultListableBeanFactory.preInstantiateSingleton(DefaultListableBeanFactory.java:1184)
	at org.springframework.beans.factory.support.DefaultListableBeanFactory.preInstantiateSingletons(DefaultListableBeanFactory.java:1121)
	at org.springframework.context.support.AbstractApplicationContext.finishBeanFactoryInitialization(AbstractApplicationContext.java:993)
	at org.springframework.context.support.AbstractApplicationContext.refresh(AbstractApplicationContext.java:620)
	at org.springframework.boot.web.server.servlet.context.ServletWebServerApplicationContext.refresh(ServletWebServerApplicationContext.java:143)
	at org.springframework.boot.SpringApplication.refresh(SpringApplication.java:756)
	at org.springframework.boot.SpringApplication.refreshContext(SpringApplication.java:445)
	at org.springframework.boot.SpringApplication.run(SpringApplication.java:321)
	at org.springframework.boot.SpringApplication.run(SpringApplication.java:1365)
	at org.springframework.boot.SpringApplication.run(SpringApplication.java:1354)
	at com.example.end.Application.main(Application.java:9)
	at java.base/jdk.internal.reflect.NativeMethodAccessorImpl.invoke0(Native Method)
	at java.base/jdk.internal.reflect.NativeMethodAccessorImpl.invoke(NativeMethodAccessorImpl.java:77)
	at java.base/jdk.internal.reflect.DelegatingMethodAccessorImpl.invoke(DelegatingMethodAccessorImpl.java:43)
	at java.base/java.lang.reflect.Method.invoke(Method.java:568)
	at org.springframework.boot.loader.launch.Launcher.launch(Launcher.java:106)
	at org.springframework.boot.loader.launch.Launcher.launch(Launcher.java:64)
	at org.springframework.boot.loader.launch.JarLauncher.main(JarLauncher.java:40)
Caused by: org.springframework.beans.factory.UnsatisfiedDependencyException: Error creating bean with name 'taskSuggestionAgentService' defined in URL [jar:nested:/C:/Users/鄭昊/Desktop/Web/end/target/end-0.0.1-SNAPSHOT.jar/!BOOT-INF/classes/!/com/example/end/agent/TaskSuggestionAgentService.class]: Unsatisfied dependency expressed through constructor parameter 3: Error creating bean with name 'sysUserImpl' defined in URL [jar:nested:/C:/Users/鄭昊/Desktop/Web/end/target/end-0.0.1-SNAPSHOT.jar/!BOOT-INF/classes/!/com/example/end/service/impl/SysUserImpl.class]: Unsatisfied dependency expressed through constructor parameter 0: Error creating bean with name 'sysUserMapper' defined in URL [jar:nested:/C:/Users/鄭昊/Desktop/Web/end/target/end-0.0.1-SNAPSHOT.jar/!BOOT-INF/classes/!/com/example/end/mapper/SysUserMapper.class]: Cannot resolve reference to bean 'sqlSessionTemplate' while setting bean property 'sqlSessionTemplate'
	at org.springframework.beans.factory.support.ConstructorResolver.createArgumentArray(ConstructorResolver.java:804)
	at org.springframework.beans.factory.support.ConstructorResolver.autowireConstructor(ConstructorResolver.java:240)
	at org.springframework.beans.factory.support.AbstractAutowireCapableBeanFactory.autowireConstructor(AbstractAutowireCapableBeanFactory.java:1382)
	at org.springframework.beans.factory.support.AbstractAutowireCapableBeanFactory.createBeanInstance(AbstractAutowireCapableBeanFactory.java:1221)
	at org.springframework.beans.factory.support.AbstractAutowireCapableBeanFactory.doCreateBean(AbstractAutowireCapableBeanFactory.java:565)
	at org.springframework.beans.factory.support.AbstractAutowireCapableBeanFactory.createBean(AbstractAutowireCapableBeanFactory.java:525)
	at org.springframework.beans.factory.support.AbstractBeanFactory.lambda$doGetBean$0(AbstractBeanFactory.java:333)
	at org.springframework.beans.factory.support.DefaultSingletonBeanRegistry.getSingleton(DefaultSingletonBeanRegistry.java:371)
	at org.springframework.beans.factory.support.AbstractBeanFactory.doGetBean(AbstractBeanFactory.java:331)
	at org.springframework.beans.factory.support.AbstractBeanFactory.getBean(AbstractBeanFactory.java:201)
	at org.springframework.beans.factory.support.DefaultListableBeanFactory.resolveBean(DefaultListableBeanFactory.java:1225)
	at org.springframework.beans.factory.support.DefaultListableBeanFactory.doResolveDependency(DefaultListableBeanFactory.java:1704)
	at org.springframework.beans.factory.support.DefaultListableBeanFactory.resolveDependency(DefaultListableBeanFactory.java:1651)
	at org.springframework.beans.factory.support.ConstructorResolver.resolveAutowiredArgument(ConstructorResolver.java:912)
	at org.springframework.beans.factory.support.ConstructorResolver.createArgumentArray(ConstructorResolver.java:791)
	... 28 common frames omitted
Caused by: org.springframework.beans.factory.UnsatisfiedDependencyException: Error creating bean with name 'sysUserImpl' defined in URL [jar:nested:/C:/Users/鄭昊/Desktop/Web/end/target/end-0.0.1-SNAPSHOT.jar/!BOOT-INF/classes/!/com/example/end/service/impl/SysUserImpl.class]: Unsatisfied dependency expressed through constructor parameter 0: Error creating bean with name 'sysUserMapper' defined in URL [jar:nested:/C:/Users/鄭昊/Desktop/Web/end/target/end-0.0.1-SNAPSHOT.jar/!BOOT-INF/classes/!/com/example/end/mapper/SysUserMapper.class]: Cannot resolve reference to bean 'sqlSessionTemplate' while setting bean property 'sqlSessionTemplate'
	at org.springframework.beans.factory.support.ConstructorResolver.createArgumentArray(ConstructorResolver.java:804)
	at org.springframework.beans.factory.support.ConstructorResolver.autowireConstructor(ConstructorResolver.java:240)
	at org.springframework.beans.factory.support.AbstractAutowireCapableBeanFactory.autowireConstructor(AbstractAutowireCapableBeanFactory.java:1382)
	at org.springframework.beans.factory.support.AbstractAutowireCapableBeanFactory.createBeanInstance(AbstractAutowireCapableBeanFactory.java:1221)
	at org.springframework.beans.factory.support.AbstractAutowireCapableBeanFactory.doCreateBean(AbstractAutowireCapableBeanFactory.java:565)
	at org.springframework.beans.factory.support.AbstractAutowireCapableBeanFactory.createBean(AbstractAutowireCapableBeanFactory.java:525)
	at org.springframework.beans.factory.support.AbstractBeanFactory.lambda$doGetBean$0(AbstractBeanFactory.java:333)
	at org.springframework.beans.factory.support.DefaultSingletonBeanRegistry.getSingleton(DefaultSingletonBeanRegistry.java:371)
	at org.springframework.beans.factory.support.AbstractBeanFactory.doGetBean(AbstractBeanFactory.java:331)
	at org.springframework.beans.factory.support.AbstractBeanFactory.getBean(AbstractBeanFactory.java:201)
	at org.springframework.beans.factory.config.DependencyDescriptor.resolveCandidate(DependencyDescriptor.java:229)
	at org.springframework.beans.factory.support.DefaultListableBeanFactory.doResolveDependency(DefaultListableBeanFactory.java:1762)
	at org.springframework.beans.factory.support.DefaultListableBeanFactory.resolveDependency(DefaultListableBeanFactory.java:1651)
	at org.springframework.beans.factory.support.ConstructorResolver.resolveAutowiredArgument(ConstructorResolver.java:912)
	at org.springframework.beans.factory.support.ConstructorResolver.createArgumentArray(ConstructorResolver.java:791)
	... 42 common frames omitted
Caused by: org.springframework.beans.factory.BeanCreationException: Error creating bean with name 'sysUserMapper' defined in URL [jar:nested:/C:/Users/鄭昊/Desktop/Web/end/target/end-0.0.1-SNAPSHOT.jar/!BOOT-INF/classes/!/com/example/end/mapper/SysUserMapper.class]: Cannot resolve reference to bean 'sqlSessionTemplate' while setting bean property 'sqlSessionTemplate'
	at org.springframework.beans.factory.support.BeanDefinitionValueResolver.resolveReference(BeanDefinitionValueResolver.java:377)
	at org.springframework.beans.factory.support.BeanDefinitionValueResolver.resolveValueIfNecessary(BeanDefinitionValueResolver.java:135)
	at org.springframework.beans.factory.support.AbstractAutowireCapableBeanFactory.applyPropertyValues(AbstractAutowireCapableBeanFactory.java:1712)
	at org.springframework.beans.factory.support.AbstractAutowireCapableBeanFactory.populateBean(AbstractAutowireCapableBeanFactory.java:1461)
	at org.springframework.beans.factory.support.AbstractAutowireCapableBeanFactory.doCreateBean(AbstractAutowireCapableBeanFactory.java:602)
	at org.springframework.beans.factory.support.AbstractAutowireCapableBeanFactory.createBean(AbstractAutowireCapableBeanFactory.java:525)
	at org.springframework.beans.factory.support.AbstractBeanFactory.lambda$doGetBean$0(AbstractBeanFactory.java:333)
	at org.springframework.beans.factory.support.DefaultSingletonBeanRegistry.getSingleton(DefaultSingletonBeanRegistry.java:371)
	at org.springframework.beans.factory.support.AbstractBeanFactory.doGetBean(AbstractBeanFactory.java:331)
	at org.springframework.beans.factory.support.AbstractBeanFactory.getBean(AbstractBeanFactory.java:201)
	at org.springframework.beans.factory.support.DefaultListableBeanFactory.resolveBean(DefaultListableBeanFactory.java:1225)
	at org.springframework.beans.factory.support.DefaultListableBeanFactory.doResolveDependency(DefaultListableBeanFactory.java:1704)
	at org.springframework.beans.factory.support.DefaultListableBeanFactory.resolveDependency(DefaultListableBeanFactory.java:1651)
	at org.springframework.beans.factory.support.ConstructorResolver.resolveAutowiredArgument(ConstructorResolver.java:912)
	at org.springframework.beans.factory.support.ConstructorResolver.createArgumentArray(ConstructorResolver.java:791)
	... 56 common frames omitted
Caused by: org.springframework.beans.factory.BeanCreationException: Error creating bean with name 'dataSourceScriptDatabaseInitializer' defined in class path resource [org/springframework/boot/jdbc/autoconfigure/DataSourceInitializationAutoConfiguration.class]: Failed to execute SQL script statement #1 of class path resource [schema.sql]: 锘緾REATE TABLE IF NOT EXISTS sys_user ( id BIGINT NOT NULL AUTO_INCREMENT PRIMARY KEY, username VARCHAR(255) NOT NULL, password VARCHAR(255) NOT NULL, real_name VARCHAR(255) NOT NULL, role INT NOT NULL, email VARCHAR(255) NULL, phone VARCHAR(255) NULL, created_time DATETIME NOT NULL DEFAULT CURRENT_TIMESTAMP, updated_time DATETIME NOT NULL DEFAULT CURRENT_TIMESTAMP ON UPDATE CURRENT_TIMESTAMP )
	at org.springframework.beans.factory.support.AbstractAutowireCapableBeanFactory.initializeBean(AbstractAutowireCapableBeanFactory.java:1817)
	at org.springframework.beans.factory.support.AbstractAutowireCapableBeanFactory.doCreateBean(AbstractAutowireCapableBeanFactory.java:603)
	at org.springframework.beans.factory.support.AbstractAutowireCapableBeanFactory.createBean(AbstractAutowireCapableBeanFactory.java:525)
	at org.springframework.beans.factory.support.AbstractBeanFactory.lambda$doGetBean$0(AbstractBeanFactory.java:333)
	at org.springframework.beans.factory.support.DefaultSingletonBeanRegistry.getSingleton(DefaultSingletonBeanRegistry.java:371)
	at org.springframework.beans.factory.support.AbstractBeanFactory.doGetBean(AbstractBeanFactory.java:331)
	at org.springframework.beans.factory.support.AbstractBeanFactory.getBean(AbstractBeanFactory.java:196)
	at org.springframework.beans.factory.support.AbstractBeanFactory.doGetBean(AbstractBeanFactory.java:309)
	at org.springframework.beans.factory.support.AbstractBeanFactory.getBean(AbstractBeanFactory.java:196)
	at org.springframework.beans.factory.support.BeanDefinitionValueResolver.resolveReference(BeanDefinitionValueResolver.java:365)
	... 70 common frames omitted
Caused by: org.springframework.jdbc.datasource.init.ScriptStatementFailedException: Failed to execute SQL script statement #1 of class path resource [schema.sql]: 锘緾REATE TABLE IF NOT EXISTS sys_user ( id BIGINT NOT NULL AUTO_INCREMENT PRIMARY KEY, username VARCHAR(255) NOT NULL, password VARCHAR(255) NOT NULL, real_name VARCHAR(255) NOT NULL, role INT NOT NULL, email VARCHAR(255) NULL, phone VARCHAR(255) NULL, created_time DATETIME NOT NULL DEFAULT CURRENT_TIMESTAMP, updated_time DATETIME NOT NULL DEFAULT CURRENT_TIMESTAMP ON UPDATE CURRENT_TIMESTAMP )
	at org.springframework.jdbc.datasource.init.ScriptUtils.executeSqlScript(ScriptUtils.java:293)
	at org.springframework.jdbc.datasource.init.ResourceDatabasePopulator.populate(ResourceDatabasePopulator.java:254)
	at org.springframework.jdbc.datasource.init.DatabasePopulatorUtils.execute(DatabasePopulatorUtils.java:54)
	at org.springframework.boot.jdbc.init.DataSourceScriptDatabaseInitializer.runScripts(DataSourceScriptDatabaseInitializer.java:87)
	at org.springframework.boot.sql.init.AbstractScriptDatabaseInitializer.runScripts(AbstractScriptDatabaseInitializer.java:159)
	at org.springframework.boot.sql.init.AbstractScriptDatabaseInitializer.applyScripts(AbstractScriptDatabaseInitializer.java:120)
	at org.springframework.boot.sql.init.AbstractScriptDatabaseInitializer.applySchemaScripts(AbstractScriptDatabaseInitializer.java:109)
	at org.springframework.boot.sql.init.AbstractScriptDatabaseInitializer.initializeDatabase(AbstractScriptDatabaseInitializer.java:87)
	at org.springframework.boot.sql.init.AbstractScriptDatabaseInitializer.afterPropertiesSet(AbstractScriptDatabaseInitializer.java:77)
	at org.springframework.beans.factory.support.AbstractAutowireCapableBeanFactory.invokeInitMethods(AbstractAutowireCapableBeanFactory.java:1864)
	at org.springframework.beans.factory.support.AbstractAutowireCapableBeanFactory.initializeBean(AbstractAutowireCapableBeanFactory.java:1813)
	... 79 common frames omitted
Caused by: java.sql.SQLSyntaxErrorException: You have an error in your SQL syntax; check the manual that corresponds to your MySQL server version for the right syntax to use near '锘緾REATE TABLE IF NOT EXISTS sys_user ( id BIGINT NOT NULL AUTO_INCREMENT PRI' at line 1
	at com.mysql.cj.jdbc.exceptions.SQLError.createSQLException(SQLError.java:112)
	at com.mysql.cj.jdbc.exceptions.SQLExceptionsMapping.translateException(SQLExceptionsMapping.java:114)
	at com.mysql.cj.jdbc.StatementImpl.executeInternal(StatementImpl.java:837)
	at com.mysql.cj.jdbc.StatementImpl.execute(StatementImpl.java:685)
	at com.zaxxer.hikari.pool.ProxyStatement.execute(ProxyStatement.java:95)
	at com.zaxxer.hikari.pool.HikariProxyStatement.execute(HikariProxyStatement.java)
	at org.springframework.jdbc.datasource.init.ScriptUtils.executeSqlScript(ScriptUtils.java:261)
	... 89 common frames omitted
2026-07-15 15:33:55 INFO  [main] com.example.end.Application:54 Starting Application v0.0.1-SNAPSHOT using Java 17 with PID 43016 (C:\Users\鄭昊\Desktop\Web\end\target\end-0.0.1-SNAPSHOT.jar started by 鄭昊 in C:\Users\鄭昊\Desktop\Web\end\target)
2026-07-15 15:33:55 INFO  [main] com.example.end.Application:652 No active profile set, falling back to 1 default profile: "default"
2026-07-15 15:33:56 INFO  [main] o.s.boot.tomcat.TomcatWebServer:114 Tomcat initialized with port 8080 (http)
2026-07-15 15:33:56 INFO  [main] o.a.coyote.http11.Http11NioProtocol:168 Initializing ProtocolHandler ["http-nio-8080"]
2026-07-15 15:33:56 INFO  [main] o.a.catalina.core.StandardService:168 Starting service [Tomcat]
2026-07-15 15:33:56 INFO  [main] o.a.catalina.core.StandardEngine:168 Starting Servlet engine: [Apache Tomcat/11.0.15]
2026-07-15 15:33:56 INFO  [main] o.s.b.w.c.s.WebApplicationContextInitializer:77 Root WebApplicationContext: initialization completed in 1161 ms
2026-07-15 15:33:57 INFO  [main] com.zaxxer.hikari.HikariDataSource:109 HikariPool-1 - Starting...
2026-07-15 15:33:57 INFO  [main] com.zaxxer.hikari.pool.HikariPool:580 HikariPool-1 - Added connection com.mysql.cj.jdbc.ConnectionImpl@33e3bd2e
2026-07-15 15:33:57 INFO  [main] com.zaxxer.hikari.HikariDataSource:122 HikariPool-1 - Start completed.
2026-07-15 15:33:58 INFO  [main] o.a.coyote.http11.Http11NioProtocol:168 Starting ProtocolHandler ["http-nio-8080"]
2026-07-15 15:33:58 INFO  [main] o.s.boot.tomcat.TomcatWebServer:240 Tomcat started on port 8080 (http) with context path '/'
2026-07-15 15:33:58 INFO  [main] com.example.end.Application:60 Started Application in 3.031 seconds (process running for 3.423)
