2026-07-10 15:53:10 INFO  [main] com.example.end.Application:54 Starting Application v0.0.1-SNAPSHOT using Java 17 with PID 96608 (C:\Users\鄭昊\Desktop\Web\end\target\end-0.0.1-SNAPSHOT.jar started by 鄭昊 in C:\Users\鄭昊\Desktop\Web\end\target)
2026-07-10 15:53:10 INFO  [main] com.example.end.Application:652 No active profile set, falling back to 1 default profile: "default"
2026-07-10 15:53:11 INFO  [main] o.s.boot.tomcat.TomcatWebServer:114 Tomcat initialized with port 8080 (http)
2026-07-10 15:53:11 INFO  [main] o.a.coyote.http11.Http11NioProtocol:168 Initializing ProtocolHandler ["http-nio-8080"]
2026-07-10 15:53:11 INFO  [main] o.a.catalina.core.StandardService:168 Starting service [Tomcat]
2026-07-10 15:53:11 INFO  [main] o.a.catalina.core.StandardEngine:168 Starting Servlet engine: [Apache Tomcat/11.0.15]
2026-07-10 15:53:11 INFO  [main] o.s.b.w.c.s.WebApplicationContextInitializer:77 Root WebApplicationContext: initialization completed in 1263 ms
2026-07-10 15:53:11 INFO  [main] com.zaxxer.hikari.HikariDataSource:109 HikariPool-1 - Starting...
2026-07-10 15:53:12 INFO  [main] com.zaxxer.hikari.pool.HikariPool:580 HikariPool-1 - Added connection com.mysql.cj.jdbc.ConnectionImpl@5520f675
2026-07-10 15:53:12 INFO  [main] com.zaxxer.hikari.HikariDataSource:122 HikariPool-1 - Start completed.
2026-07-10 15:53:13 INFO  [main] o.a.coyote.http11.Http11NioProtocol:168 Starting ProtocolHandler ["http-nio-8080"]
2026-07-10 15:53:13 INFO  [main] o.s.boot.tomcat.TomcatWebServer:240 Tomcat started on port 8080 (http) with context path '/'
2026-07-10 15:53:13 INFO  [main] com.example.end.Application:60 Started Application in 3.527 seconds (process running for 4.086)
2026-07-10 15:53:29 INFO  [http-nio-8080-exec-4] o.a.c.c.C.[Tomcat].[localhost].[/]:168 Initializing Spring DispatcherServlet 'dispatcherServlet'
2026-07-10 15:53:29 INFO  [http-nio-8080-exec-4] o.s.web.servlet.DispatcherServlet:523 Initializing Servlet 'dispatcherServlet'
2026-07-10 15:53:29 INFO  [http-nio-8080-exec-4] o.s.web.servlet.DispatcherServlet:545 Completed initialization in 1 ms
2026-07-10 16:04:26 INFO  [SpringApplicationShutdownHook] o.s.boot.tomcat.GracefulShutdown:54 Commencing graceful shutdown. Waiting for active requests to complete
2026-07-10 16:04:27 INFO  [tomcat-shutdown] o.s.boot.tomcat.GracefulShutdown:76 Graceful shutdown complete
2026-07-10 16:04:27 INFO  [SpringApplicationShutdownHook] com.zaxxer.hikari.HikariDataSource:349 HikariPool-1 - Shutdown initiated...
2026-07-10 16:04:27 INFO  [SpringApplicationShutdownHook] com.zaxxer.hikari.HikariDataSource:351 HikariPool-1 - Shutdown completed.
2026-07-10 16:04:31 INFO  [main] com.example.end.Application:54 Starting Application v0.0.1-SNAPSHOT using Java 17 with PID 101960 (C:\Users\鄭昊\Desktop\Web\end\target\end-0.0.1-SNAPSHOT.jar started by 鄭昊 in C:\Users\鄭昊\Desktop\Web\end\target)
2026-07-10 16:04:31 INFO  [main] com.example.end.Application:652 No active profile set, falling back to 1 default profile: "default"
2026-07-10 16:04:32 INFO  [main] o.s.boot.tomcat.TomcatWebServer:114 Tomcat initialized with port 8080 (http)
2026-07-10 16:04:32 INFO  [main] o.a.coyote.http11.Http11NioProtocol:168 Initializing ProtocolHandler ["http-nio-8080"]
2026-07-10 16:04:32 INFO  [main] o.a.catalina.core.StandardService:168 Starting service [Tomcat]
2026-07-10 16:04:32 INFO  [main] o.a.catalina.core.StandardEngine:168 Starting Servlet engine: [Apache Tomcat/11.0.15]
2026-07-10 16:04:32 INFO  [main] o.s.b.w.c.s.WebApplicationContextInitializer:77 Root WebApplicationContext: initialization completed in 1282 ms
2026-07-10 16:04:32 INFO  [main] com.zaxxer.hikari.HikariDataSource:109 HikariPool-1 - Starting...
2026-07-10 16:04:32 INFO  [main] com.zaxxer.hikari.pool.HikariPool:580 HikariPool-1 - Added connection com.mysql.cj.jdbc.ConnectionImpl@37ca3ca8
2026-07-10 16:04:32 INFO  [main] com.zaxxer.hikari.HikariDataSource:122 HikariPool-1 - Start completed.
2026-07-10 16:04:34 INFO  [main] o.a.coyote.http11.Http11NioProtocol:168 Starting ProtocolHandler ["http-nio-8080"]
2026-07-10 16:04:34 INFO  [main] o.s.boot.tomcat.TomcatWebServer:240 Tomcat started on port 8080 (http) with context path '/'
2026-07-10 16:04:34 INFO  [main] com.example.end.Application:60 Started Application in 3.401 seconds (process running for 3.813)
2026-07-10 16:04:40 INFO  [http-nio-8080-exec-2] o.a.c.c.C.[Tomcat].[localhost].[/]:168 Initializing Spring DispatcherServlet 'dispatcherServlet'
2026-07-10 16:04:40 INFO  [http-nio-8080-exec-2] o.s.web.servlet.DispatcherServlet:523 Initializing Servlet 'dispatcherServlet'
2026-07-10 16:04:40 INFO  [http-nio-8080-exec-2] o.s.web.servlet.DispatcherServlet:545 Completed initialization in 1 ms
