2026-07-09 18:40:16.544 [main] INFO  com.example.end.Application - Starting Application v0.0.1-SNAPSHOT using Java 17 with PID 5956 (C:\Users\鄭昊\Desktop\Web\end\target\end-0.0.1-SNAPSHOT.jar started by 鄭昊 in C:\Users\鄭昊\Desktop\Web\end\target)
2026-07-09 18:40:16.550 [main] INFO  com.example.end.Application - No active profile set, falling back to 1 default profile: "default"
2026-07-09 18:40:17.660 [main] INFO  o.s.boot.tomcat.TomcatWebServer - Tomcat initialized with port 8080 (http)
2026-07-09 18:40:17.676 [main] INFO  o.a.catalina.core.StandardService - Starting service [Tomcat]
2026-07-09 18:40:17.676 [main] INFO  o.a.catalina.core.StandardEngine - Starting Servlet engine: [Apache Tomcat/11.0.15]
2026-07-09 18:40:17.734 [main] INFO  o.s.b.w.c.s.WebApplicationContextInitializer - Root WebApplicationContext: initialization completed in 1142 ms
2026-07-09 18:40:17.966 [main] INFO  com.zaxxer.hikari.HikariDataSource - HikariPool-1 - Starting...
2026-07-09 18:40:18.122 [main] INFO  com.zaxxer.hikari.pool.HikariPool - HikariPool-1 - Added connection com.mysql.cj.jdbc.ConnectionImpl@5d05f453
2026-07-09 18:40:18.124 [main] INFO  com.zaxxer.hikari.HikariDataSource - HikariPool-1 - Start completed.
2026-07-09 18:40:18.711 [main] INFO  o.s.boot.tomcat.TomcatWebServer - Tomcat started on port 8080 (http) with context path '/'
2026-07-09 18:40:18.724 [main] INFO  com.example.end.Application - Started Application in 2.586 seconds (process running for 2.982)
2026-07-09 18:40:27.109 [http-nio-8080-exec-3] INFO  o.a.c.c.C.[Tomcat].[localhost].[/] - Initializing Spring DispatcherServlet 'dispatcherServlet'
2026-07-09 18:40:27.117 [http-nio-8080-exec-3] INFO  o.s.web.servlet.DispatcherServlet - Initializing Servlet 'dispatcherServlet'
2026-07-09 18:40:27.117 [http-nio-8080-exec-3] INFO  o.s.web.servlet.DispatcherServlet - Completed initialization in 0 ms
2026-07-09 18:40:27.323 [http-nio-8080-exec-2] DEBUG c.e.e.mapper.SysUserMapper.selectAll - ==>  Preparing: select id, username, password, real_name, role, email, phone, created_time, updated_time from sys_user order by id desc
2026-07-09 18:40:27.323 [http-nio-8080-exec-1] DEBUG c.e.e.m.ProjectInfoMapper.selectAll - ==>  Preparing: select id, owner_id, name, description, priority, status, start_date, end_date, created_time, updated_time from project_info order by id desc
2026-07-09 18:40:27.323 [http-nio-8080-exec-3] DEBUG c.e.e.m.SysUserMapper.selectById - ==>  Preparing: select id, username, password, real_name, role, email, phone, created_time, updated_time from sys_user where id = ?
2026-07-09 18:40:27.323 [http-nio-8080-exec-5] DEBUG c.e.e.m.TaskSummaryMapper.selectAll - ==>  Preparing: select id, creator_id, project_id, task_id, summary_type, content, created_time, updated_time from task_summary order by id desc
2026-07-09 18:40:27.323 [http-nio-8080-exec-6] DEBUG c.e.e.m.SysUserMapper.selectById - ==>  Preparing: select id, username, password, real_name, role, email, phone, created_time, updated_time from sys_user where id = ?
2026-07-09 18:40:27.380 [http-nio-8080-exec-3] DEBUG c.e.e.m.SysUserMapper.selectById - ==> Parameters: 1(Long)
2026-07-09 18:40:27.380 [http-nio-8080-exec-6] DEBUG c.e.e.m.SysUserMapper.selectById - ==> Parameters: 1(Long)
2026-07-09 18:40:27.378 [http-nio-8080-exec-5] DEBUG c.e.e.m.TaskSummaryMapper.selectAll - ==> Parameters: 
2026-07-09 18:40:27.378 [http-nio-8080-exec-1] DEBUG c.e.e.m.ProjectInfoMapper.selectAll - ==> Parameters: 
2026-07-09 18:40:27.378 [http-nio-8080-exec-2] DEBUG c.e.e.mapper.SysUserMapper.selectAll - ==> Parameters: 
2026-07-09 18:40:27.448 [http-nio-8080-exec-3] DEBUG c.e.e.m.SysUserMapper.selectById - <==      Total: 1
2026-07-09 18:40:27.448 [http-nio-8080-exec-6] DEBUG c.e.e.m.SysUserMapper.selectById - <==      Total: 1
2026-07-09 18:40:27.448 [http-nio-8080-exec-1] DEBUG c.e.e.m.ProjectInfoMapper.selectAll - <==      Total: 3
2026-07-09 18:40:27.448 [http-nio-8080-exec-5] DEBUG c.e.e.m.TaskSummaryMapper.selectAll - <==      Total: 3
2026-07-09 18:40:27.455 [http-nio-8080-exec-2] DEBUG c.e.e.mapper.SysUserMapper.selectAll - <==      Total: 10
2026-07-09 18:40:27.457 [http-nio-8080-exec-6] DEBUG c.e.e.mapper.TaskLogMapper.selectAll - ==>  Preparing: select id, operator_id, task_id, progress_percent, content, created_time, updated_time from task_log order by id desc
2026-07-09 18:40:27.457 [http-nio-8080-exec-3] DEBUG c.e.e.m.TaskInfoMapper.selectAll - ==>  Preparing: select id, creator_id, assignee_id, project_id, parent_id, title, description, priority, status, due_date, ai_suggestion, created_time, updated_time from task_info order by id desc
2026-07-09 18:40:27.457 [http-nio-8080-exec-6] DEBUG c.e.e.mapper.TaskLogMapper.selectAll - ==> Parameters: 
2026-07-09 18:40:27.457 [http-nio-8080-exec-3] DEBUG c.e.e.m.TaskInfoMapper.selectAll - ==> Parameters: 
2026-07-09 18:40:27.462 [http-nio-8080-exec-6] DEBUG c.e.e.mapper.TaskLogMapper.selectAll - <==      Total: 4
2026-07-09 18:40:27.462 [http-nio-8080-exec-3] DEBUG c.e.e.m.TaskInfoMapper.selectAll - <==      Total: 6
2026-07-09 18:40:27.605 [http-nio-8080-exec-5] INFO  c.e.e.l.RequestLoggingInterceptor - Request completed: method=GET, uri=/taskSummaries, status=200, durationMs=453, userId=null, ip=127.0.0.1
2026-07-09 18:40:27.605 [http-nio-8080-exec-3] INFO  c.e.e.l.RequestLoggingInterceptor - Request completed: method=GET, uri=/taskInfos, status=200, durationMs=453, userId=null, ip=127.0.0.1
2026-07-09 18:40:27.605 [http-nio-8080-exec-1] INFO  c.e.e.l.RequestLoggingInterceptor - Request completed: method=GET, uri=/projectInfos, status=200, durationMs=453, userId=null, ip=127.0.0.1
2026-07-09 18:40:27.605 [http-nio-8080-exec-6] INFO  c.e.e.l.RequestLoggingInterceptor - Request completed: method=GET, uri=/taskLogs, status=200, durationMs=453, userId=null, ip=127.0.0.1
2026-07-09 18:40:27.605 [http-nio-8080-exec-2] INFO  c.e.e.l.RequestLoggingInterceptor - Request completed: method=GET, uri=/sysUsers, status=200, durationMs=453, userId=null, ip=127.0.0.1
2026-07-09 18:40:27.655 [http-nio-8080-exec-4] DEBUG c.e.e.m.SysUserMapper.selectById - ==>  Preparing: select id, username, password, real_name, role, email, phone, created_time, updated_time from sys_user where id = ?
2026-07-09 18:40:27.655 [http-nio-8080-exec-4] DEBUG c.e.e.m.SysUserMapper.selectById - ==> Parameters: 1(Long)
2026-07-09 18:40:27.661 [http-nio-8080-exec-4] DEBUG c.e.e.m.SysUserMapper.selectById - <==      Total: 1
2026-07-09 18:40:27.661 [http-nio-8080-exec-4] INFO  c.e.e.l.RequestLoggingInterceptor - Request completed: method=GET, uri=/sysUsers/1, status=200, durationMs=23, userId=null, ip=127.0.0.1
2026-07-09 18:41:16.462 [http-nio-8080-exec-7] DEBUG c.e.e.m.S.selectByUsername - ==>  Preparing: select id, username, password, real_name, role, email, phone, created_time, updated_time from sys_user where username = ? limit 1
2026-07-09 18:41:16.463 [http-nio-8080-exec-7] DEBUG c.e.e.m.S.selectByUsername - ==> Parameters: 王浩(String)
2026-07-09 18:41:16.463 [http-nio-8080-exec-7] DEBUG c.e.e.m.S.selectByUsername - <==      Total: 1
2026-07-09 18:41:16.476 [http-nio-8080-exec-7] INFO  c.e.e.l.RequestLoggingInterceptor - Request completed: method=POST, uri=/auth/login, status=200, durationMs=45, userId=null, ip=127.0.0.1
2026-07-09 18:41:16.494 [http-nio-8080-exec-2] DEBUG c.e.e.m.TaskSummaryMapper.selectAll - ==>  Preparing: select id, creator_id, project_id, task_id, summary_type, content, created_time, updated_time from task_summary order by id desc
2026-07-09 18:41:16.494 [http-nio-8080-exec-8] DEBUG c.e.e.m.ProjectInfoMapper.selectAll - ==>  Preparing: select id, owner_id, name, description, priority, status, start_date, end_date, created_time, updated_time from project_info order by id desc
2026-07-09 18:41:16.494 [http-nio-8080-exec-5] DEBUG c.e.e.mapper.SysUserMapper.selectAll - ==>  Preparing: select id, username, password, real_name, role, email, phone, created_time, updated_time from sys_user order by id desc
2026-07-09 18:41:16.494 [http-nio-8080-exec-10] DEBUG c.e.e.m.SysUserMapper.selectById - ==>  Preparing: select id, username, password, real_name, role, email, phone, created_time, updated_time from sys_user where id = ?
2026-07-09 18:41:16.494 [http-nio-8080-exec-9] DEBUG c.e.e.m.SysUserMapper.selectById - ==>  Preparing: select id, username, password, real_name, role, email, phone, created_time, updated_time from sys_user where id = ?
2026-07-09 18:41:16.494 [http-nio-8080-exec-2] DEBUG c.e.e.m.TaskSummaryMapper.selectAll - ==> Parameters: 
2026-07-09 18:41:16.494 [http-nio-8080-exec-10] DEBUG c.e.e.m.SysUserMapper.selectById - ==> Parameters: 4(Long)
2026-07-09 18:41:16.494 [http-nio-8080-exec-8] DEBUG c.e.e.m.ProjectInfoMapper.selectAll - ==> Parameters: 
2026-07-09 18:41:16.494 [http-nio-8080-exec-9] DEBUG c.e.e.m.SysUserMapper.selectById - ==> Parameters: 4(Long)
2026-07-09 18:41:16.494 [http-nio-8080-exec-5] DEBUG c.e.e.mapper.SysUserMapper.selectAll - ==> Parameters: 
2026-07-09 18:41:16.497 [http-nio-8080-exec-2] DEBUG c.e.e.m.TaskSummaryMapper.selectAll - <==      Total: 3
2026-07-09 18:41:16.497 [http-nio-8080-exec-8] DEBUG c.e.e.m.ProjectInfoMapper.selectAll - <==      Total: 3
2026-07-09 18:41:16.499 [http-nio-8080-exec-10] DEBUG c.e.e.m.SysUserMapper.selectById - <==      Total: 1
2026-07-09 18:41:16.499 [http-nio-8080-exec-10] DEBUG c.e.e.m.T.selectAllByOwnerId - ==>  Preparing: select tl.id, tl.operator_id, tl.task_id, tl.progress_percent, tl.content, tl.created_time, tl.updated_time from task_log tl join task_info ti on tl.task_id = ti.id where ti.project_id in ( select id from project_info where owner_id = ? ) order by tl.id desc
2026-07-09 18:41:16.499 [http-nio-8080-exec-9] DEBUG c.e.e.m.SysUserMapper.selectById - <==      Total: 1
2026-07-09 18:41:16.499 [http-nio-8080-exec-10] DEBUG c.e.e.m.T.selectAllByOwnerId - ==> Parameters: 4(Long)
2026-07-09 18:41:16.499 [http-nio-8080-exec-9] DEBUG c.e.e.m.T.selectAllByOwnerId - ==>  Preparing: select id, creator_id, assignee_id, project_id, parent_id, title, description, priority, status, due_date, ai_suggestion, created_time, updated_time from task_info where project_id in ( select id from project_info where owner_id = ? ) order by id desc
2026-07-09 18:41:16.499 [http-nio-8080-exec-5] DEBUG c.e.e.mapper.SysUserMapper.selectAll - <==      Total: 10
2026-07-09 18:41:16.499 [http-nio-8080-exec-8] INFO  c.e.e.l.RequestLoggingInterceptor - Request completed: method=GET, uri=/projectInfos, status=200, durationMs=7, userId=null, ip=127.0.0.1
2026-07-09 18:41:16.499 [http-nio-8080-exec-2] INFO  c.e.e.l.RequestLoggingInterceptor - Request completed: method=GET, uri=/taskSummaries, status=200, durationMs=7, userId=null, ip=127.0.0.1
2026-07-09 18:41:16.499 [http-nio-8080-exec-9] DEBUG c.e.e.m.T.selectAllByOwnerId - ==> Parameters: 4(Long)
2026-07-09 18:41:16.499 [http-nio-8080-exec-5] INFO  c.e.e.l.RequestLoggingInterceptor - Request completed: method=GET, uri=/sysUsers, status=200, durationMs=7, userId=null, ip=127.0.0.1
2026-07-09 18:41:16.499 [http-nio-8080-exec-10] DEBUG c.e.e.m.T.selectAllByOwnerId - <==      Total: 1
2026-07-09 18:41:16.499 [http-nio-8080-exec-10] INFO  c.e.e.l.RequestLoggingInterceptor - Request completed: method=GET, uri=/taskLogs, status=200, durationMs=7, userId=null, ip=127.0.0.1
2026-07-09 18:41:16.503 [http-nio-8080-exec-9] DEBUG c.e.e.m.T.selectAllByOwnerId - <==      Total: 2
2026-07-09 18:41:16.505 [http-nio-8080-exec-9] INFO  c.e.e.l.RequestLoggingInterceptor - Request completed: method=GET, uri=/taskInfos, status=200, durationMs=13, userId=null, ip=127.0.0.1
2026-07-09 18:41:16.514 [http-nio-8080-exec-3] DEBUG c.e.e.m.TaskInfoMapper.selectById - ==>  Preparing: select id, creator_id, assignee_id, project_id, parent_id, title, description, priority, status, due_date, ai_suggestion, created_time, updated_time from task_info where id = ?
2026-07-09 18:41:16.516 [http-nio-8080-exec-6] DEBUG c.e.e.m.TaskInfoMapper.selectById - ==>  Preparing: select id, creator_id, assignee_id, project_id, parent_id, title, description, priority, status, due_date, ai_suggestion, created_time, updated_time from task_info where id = ?
2026-07-09 18:41:16.517 [http-nio-8080-exec-6] DEBUG c.e.e.m.TaskInfoMapper.selectById - ==> Parameters: 3(Long)
2026-07-09 18:41:16.517 [http-nio-8080-exec-3] DEBUG c.e.e.m.TaskInfoMapper.selectById - ==> Parameters: 1(Long)
2026-07-09 18:41:16.517 [http-nio-8080-exec-3] DEBUG c.e.e.m.TaskInfoMapper.selectById - <==      Total: 1
2026-07-09 18:41:16.517 [http-nio-8080-exec-6] DEBUG c.e.e.m.TaskInfoMapper.selectById - <==      Total: 1
2026-07-09 18:41:16.517 [http-nio-8080-exec-3] INFO  c.e.e.l.RequestLoggingInterceptor - Request completed: method=GET, uri=/taskInfos/1, status=200, durationMs=3, userId=null, ip=127.0.0.1
2026-07-09 18:41:16.517 [http-nio-8080-exec-6] INFO  c.e.e.l.RequestLoggingInterceptor - Request completed: method=GET, uri=/taskInfos/3, status=200, durationMs=3, userId=null, ip=127.0.0.1
2026-07-09 18:41:16.531 [http-nio-8080-exec-1] DEBUG c.e.e.m.SysUserMapper.selectById - ==>  Preparing: select id, username, password, real_name, role, email, phone, created_time, updated_time from sys_user where id = ?
2026-07-09 18:41:16.531 [http-nio-8080-exec-1] DEBUG c.e.e.m.SysUserMapper.selectById - ==> Parameters: 4(Long)
2026-07-09 18:41:16.539 [http-nio-8080-exec-1] DEBUG c.e.e.m.SysUserMapper.selectById - <==      Total: 1
2026-07-09 18:41:16.540 [http-nio-8080-exec-1] INFO  c.e.e.l.RequestLoggingInterceptor - Request completed: method=GET, uri=/sysUsers/4, status=200, durationMs=9, userId=null, ip=127.0.0.1
